<?xml version="1.0" encoding="UTF-8"?>
<testng-results ignored="0" total="1" passed="1" failed="0" skipped="0">
  <reporter-output>
  </reporter-output>
  <suite started-at="2023-05-30T14:03:50 IST" name="Default suite" finished-at="2023-05-30T14:04:15 IST" duration-ms="25000">
    <groups>
    </groups>
    <test started-at="2023-05-30T14:03:50 IST" name="Default test" finished-at="2023-05-30T14:04:15 IST" duration-ms="25000">
      <class name="BasicTestscript.ToVerifyHomePage">
        <test-method is-config="true" signature="bs()[pri:0, instance:BasicTestscript.ToVerifyHomePage@32ee6fee]" started-at="2023-05-30T14:03:50 IST" name="bs" finished-at="2023-05-30T14:03:50 IST" duration-ms="14" status="PASS">
          <reporter-output>
          </reporter-output>
        </test-method> <!-- bs -->
        <test-method is-config="true" signature="bc()[pri:0, instance:BasicTestscript.ToVerifyHomePage@32ee6fee]" started-at="2023-05-30T14:03:50 IST" name="bc" finished-at="2023-05-30T14:04:08 IST" duration-ms="17408" status="PASS">
          <reporter-output>
          </reporter-output>
        </test-method> <!-- bc -->
        <test-method is-config="true" signature="bm()[pri:0, instance:BasicTestscript.ToVerifyHomePage@32ee6fee]" started-at="2023-05-30T14:04:08 IST" name="bm" finished-at="2023-05-30T14:04:08 IST" duration-ms="583" status="PASS">
          <reporter-output>
          </reporter-output>
        </test-method> <!-- bm -->
        <test-method signature="verifyHomePageTest()[pri:0, instance:BasicTestscript.ToVerifyHomePage@32ee6fee]" started-at="2023-05-30T14:04:08 IST" name="verifyHomePageTest" finished-at="2023-05-30T14:04:13 IST" duration-ms="4300" status="PASS">
          <reporter-output>
          </reporter-output>
        </test-method> <!-- verifyHomePageTest -->
        <test-method is-config="true" signature="am()[pri:0, instance:BasicTestscript.ToVerifyHomePage@32ee6fee]" started-at="2023-05-30T14:04:13 IST" name="am" finished-at="2023-05-30T14:04:14 IST" duration-ms="1545" status="PASS">
          <reporter-output>
          </reporter-output>
        </test-method> <!-- am -->
        <test-method is-config="true" signature="ac()[pri:0, instance:BasicTestscript.ToVerifyHomePage@32ee6fee]" started-at="2023-05-30T14:04:14 IST" name="ac" finished-at="2023-05-30T14:04:15 IST" duration-ms="1094" status="PASS">
          <reporter-output>
          </reporter-output>
        </test-method> <!-- ac -->
        <test-method is-config="true" signature="as()[pri:0, instance:BasicTestscript.ToVerifyHomePage@32ee6fee]" started-at="2023-05-30T14:04:16 IST" name="as" finished-at="2023-05-30T14:04:16 IST" duration-ms="1" status="PASS">
          <reporter-output>
          </reporter-output>
        </test-method> <!-- as -->
      </class> <!-- BasicTestscript.ToVerifyHomePage -->
    </test> <!-- Default test -->
  </suite> <!-- Default suite -->
</testng-results>
